<?xml version="1.0" encoding="UTF-8"?>
<testsuite xmlns:xsi="http://www.w3.org/2001/XMLSchema-instance" xsi:noNamespaceSchemaLocation="https://maven.apache.org/surefire/maven-surefire-plugin/xsd/surefire-test-report-3.0.xsd" version="3.0" name="com.endava.calculator.CalculatorTest" time="0.305" tests="11" errors="0" skipped="0" failures="0">
  <properties>
[...]
</properties>
  <testcase name="shouldAddBigNumbers" classname="com.endava.calculator.CalculatorTest" time="0.039">
    <system-out><![CDATA[11:35:25.784 [main] INFO  com.endava.calculator.CalculatorTest - Before All
11:35:25.813 [main] INFO  com.endava.calculator.CalculatorTest - Before Each
11:35:25.817 [main] INFO  com.endava.extensions.TestReporterExtension - Starting test CalculatorTest/shouldAddBigNumbers()
11:35:25.827 [main] INFO  com.endava.extensions.TestReporterExtension - Finishing test CalculatorTest/shouldAddBigNumbers()
11:35:25.829 [main] INFO  com.endava.calculator.CalculatorTest - After Each  

]]></system-out>
  </testcase>
  <testcase name="shouldAddNumbersGivenOperand0(int, int)[1]" classname="com.endava.calculator.CalculatorTest" time="0.026">
    <system-out><![CDATA[11:35:25.866 [main] INFO  com.endava.calculator.CalculatorTest - Before Each
11:35:25.867 [main] INFO  com.endava.extensions.TestReporterExtension - Starting test CalculatorTest/[1] 0, 2
11:35:25.888 [main] INFO  com.endava.calculator.CalculatorTest - 2
11:35:25.890 [main] INFO  com.endava.extensions.TestReporterExtension - Finishing test CalculatorTest/[1] 0, 2
11:35:25.890 [main] INFO  com.endava.calculator.CalculatorTest - After Each  

]]></system-out>
  </testcase>
  <testcase name="shouldAddNumbersGivenOperand0(int, int)[2]" classname="com.endava.calculator.CalculatorTest" time="0.003">
    <system-out><![CDATA[11:35:25.898 [main] INFO  com.endava.calculator.CalculatorTest - Before Each
11:35:25.898 [main] INFO  com.endava.extensions.TestReporterExtension - Starting test CalculatorTest/[2] 2, 0
11:35:25.899 [main] INFO  com.endava.calculator.CalculatorTest - 2
11:35:25.899 [main] INFO  com.endava.extensions.TestReporterExtension - Finishing test CalculatorTest/[2] 2, 0
11:35:25.900 [main] INFO  com.endava.calculator.CalculatorTest - After Each  

]]></system-out>
  </testcase>
  <testcase name="shouldAddMoreOperands(Integer, Integer, Integer)[1]" classname="com.endava.calculator.CalculatorTest" time="0.004">
    <system-out><![CDATA[11:35:25.935 [main] INFO  com.endava.calculator.CalculatorTest - Before Each
11:35:25.936 [main] INFO  com.endava.extensions.TestReporterExtension - Starting test CalculatorTest/[1] 1, 2, 4
11:35:25.936 [main] INFO  com.endava.calculator.CalculatorTest - 7
11:35:25.937 [main] INFO  com.endava.extensions.TestReporterExtension - Finishing test CalculatorTest/[1] 1, 2, 4
11:35:25.937 [main] INFO  com.endava.calculator.CalculatorTest - After Each  

]]></system-out>
  </testcase>
  <testcase name="shouldAddMoreOperands(Integer, Integer, Integer)[2]" classname="com.endava.calculator.CalculatorTest" time="0.004">
    <system-out><![CDATA[11:35:25.942 [main] INFO  com.endava.calculator.CalculatorTest - Before Each
11:35:25.943 [main] INFO  com.endava.extensions.TestReporterExtension - Starting test CalculatorTest/[2] 2, 4, 5
11:35:25.944 [main] INFO  com.endava.calculator.CalculatorTest - 11
11:35:25.944 [main] INFO  com.endava.extensions.TestReporterExtension - Finishing test CalculatorTest/[2] 2, 4, 5
11:35:25.944 [main] INFO  com.endava.calculator.CalculatorTest - After Each  

]]></system-out>
  </testcase>
  <testcase name="shouldAddMoreOperands(Integer, Integer, Integer)[3]" classname="com.endava.calculator.CalculatorTest" time="0.003">
    <system-out><![CDATA[11:35:25.963 [main] INFO  com.endava.calculator.CalculatorTest - Before Each
11:35:25.964 [main] INFO  com.endava.extensions.TestReporterExtension - Starting test CalculatorTest/[3] 1, 2, 3
11:35:25.964 [main] INFO  com.endava.calculator.CalculatorTest - 6
11:35:25.965 [main] INFO  com.endava.extensions.TestReporterExtension - Finishing test CalculatorTest/[3] 1, 2, 3
11:35:25.965 [main] INFO  com.endava.calculator.CalculatorTest - After Each  

]]></system-out>
  </testcase>
  <testcase name="shouldAddMoreOperands(Integer, Integer, Integer)[4]" classname="com.endava.calculator.CalculatorTest" time="0.063">
    <system-out><![CDATA[11:35:26.028 [main] INFO  com.endava.calculator.CalculatorTest - Before Each
11:35:26.029 [main] INFO  com.endava.extensions.TestReporterExtension - Starting test CalculatorTest/[4] 2, 4, 5
11:35:26.029 [main] INFO  com.endava.calculator.CalculatorTest - 11
11:35:26.029 [main] INFO  com.endava.extensions.TestReporterExtension - Finishing test CalculatorTest/[4] 2, 4, 5
11:35:26.029 [main] INFO  com.endava.calculator.CalculatorTest - After Each  

]]></system-out>
  </testcase>
  <testcase name="shouldAddMoreOperands(Integer, Integer, Integer)[5]" classname="com.endava.calculator.CalculatorTest" time="0.002">
    <system-out><![CDATA[11:35:26.031 [main] INFO  com.endava.calculator.CalculatorTest - Before Each
11:35:26.032 [main] INFO  com.endava.extensions.TestReporterExtension - Starting test CalculatorTest/[5] 6, 7, 8
11:35:26.032 [main] INFO  com.endava.calculator.CalculatorTest - 21
11:35:26.032 [main] INFO  com.endava.extensions.TestReporterExtension - Finishing test CalculatorTest/[5] 6, 7, 8
11:35:26.033 [main] INFO  com.endava.calculator.CalculatorTest - After Each  

]]></system-out>
  </testcase>
  <testcase name="shouldAddNegativeNumbers" classname="com.endava.calculator.CalculatorTest" time="0.006">
    <system-out><![CDATA[11:35:26.034 [main] INFO  com.endava.calculator.CalculatorTest - Before Each
11:35:26.034 [main] INFO  com.endava.extensions.TestReporterExtension - Starting test CalculatorTest/shouldAddNegativeNumbers()
11:35:26.039 [main] INFO  com.endava.extensions.TestReporterExtension - Finishing test CalculatorTest/shouldAddNegativeNumbers()
11:35:26.039 [main] INFO  com.endava.calculator.CalculatorTest - After Each  

]]></system-out>
  </testcase>
  <testcase name="shouldAddOneOperand" classname="com.endava.calculator.CalculatorTest" time="0.003">
    <system-out><![CDATA[11:35:26.042 [main] INFO  com.endava.calculator.CalculatorTest - Before Each
11:35:26.043 [main] INFO  com.endava.extensions.TestReporterExtension - Starting test CalculatorTest/shouldAddOneOperand()
11:35:26.043 [main] INFO  com.endava.calculator.CalculatorTest - 4
11:35:26.043 [main] INFO  com.endava.extensions.TestReporterExtension - Finishing test CalculatorTest/shouldAddOneOperand()
11:35:26.044 [main] INFO  com.endava.calculator.CalculatorTest - After Each  

]]></system-out>
  </testcase>
  <testcase name="shouldAddZeroOperand" classname="com.endava.calculator.CalculatorTest" time="0.002">
    <system-out><![CDATA[11:35:26.045 [main] INFO  com.endava.calculator.CalculatorTest - Before Each
11:35:26.046 [main] INFO  com.endava.extensions.TestReporterExtension - Starting test CalculatorTest/shouldAddZeroOperand()
11:35:26.046 [main] INFO  com.endava.calculator.CalculatorTest - 0
11:35:26.046 [main] INFO  com.endava.extensions.TestReporterExtension - Finishing test CalculatorTest/shouldAddZeroOperand()
11:35:26.047 [main] INFO  com.endava.calculator.CalculatorTest - After Each  

]]></system-out>
  </testcase>
</testsuite>