<?xml version="1.0" encoding="UTF-8"?>
<testsuite xmlns:xsi="http://www.w3.org/2001/XMLSchema-instance" xsi:noNamespaceSchemaLocation="https://maven.apache.org/surefire/maven-surefire-plugin/xsd/surefire-test-report-3.0.xsd" version="3.0" name="com.endava.calculator.CalculatorTest" time="0.16" tests="11" errors="0" skipped="0" failures="0">
  <properties>
[...]
</properties>
  <testcase name="shouldAddBigNumbers" classname="com.endava.calculator.CalculatorTest" time="0.018">
    <system-out><![CDATA[15:51:52.486 [main] INFO  com.endava.calculator.CalculatorTest - Before All
15:51:52.500 [main] INFO  com.endava.calculator.CalculatorTest - Before Each
15:51:52.502 [main] INFO  com.endava.extensions.TestReporterExtension - Starting test CalculatorTest/shouldAddBigNumbers()
15:51:52.503 [main] INFO  com.endava.calculator.CalculatorTest - -2147483648
15:51:52.504 [main] INFO  com.endava.extensions.TestReporterExtension - Finishing test CalculatorTest/shouldAddBigNumbers()
15:51:52.505 [main] INFO  com.endava.calculator.CalculatorTest - After Each  

]]></system-out>
  </testcase>
  <testcase name="shouldAddNumbersGivenOperand0(int, int)[1]" classname="com.endava.calculator.CalculatorTest" time="0.014">
    <system-out><![CDATA[15:51:52.526 [main] INFO  com.endava.calculator.CalculatorTest - Before Each
15:51:52.526 [main] INFO  com.endava.extensions.TestReporterExtension - Starting test CalculatorTest/[1] 0, 2
15:51:52.537 [main] INFO  com.endava.calculator.CalculatorTest - 2
15:51:52.538 [main] INFO  com.endava.extensions.TestReporterExtension - Finishing test CalculatorTest/[1] 0, 2
15:51:52.538 [main] INFO  com.endava.calculator.CalculatorTest - After Each  

]]></system-out>
  </testcase>
  <testcase name="shouldAddNumbersGivenOperand0(int, int)[2]" classname="com.endava.calculator.CalculatorTest" time="0.002">
    <system-out><![CDATA[15:51:52.543 [main] INFO  com.endava.calculator.CalculatorTest - Before Each
15:51:52.543 [main] INFO  com.endava.extensions.TestReporterExtension - Starting test CalculatorTest/[2] 2, 0
15:51:52.543 [main] INFO  com.endava.calculator.CalculatorTest - 2
15:51:52.544 [main] INFO  com.endava.extensions.TestReporterExtension - Finishing test CalculatorTest/[2] 2, 0
15:51:52.544 [main] INFO  com.endava.calculator.CalculatorTest - After Each  

]]></system-out>
  </testcase>
  <testcase name="shouldAddMoreOperands(Integer, Integer, Integer)[1]" classname="com.endava.calculator.CalculatorTest" time="0.002">
    <system-out><![CDATA[15:51:52.560 [main] INFO  com.endava.calculator.CalculatorTest - Before Each
15:51:52.560 [main] INFO  com.endava.extensions.TestReporterExtension - Starting test CalculatorTest/[1] 1, 2, 4
15:51:52.561 [main] INFO  com.endava.calculator.CalculatorTest - 7
15:51:52.561 [main] INFO  com.endava.extensions.TestReporterExtension - Finishing test CalculatorTest/[1] 1, 2, 4
15:51:52.561 [main] INFO  com.endava.calculator.CalculatorTest - After Each  

]]></system-out>
  </testcase>
  <testcase name="shouldAddMoreOperands(Integer, Integer, Integer)[2]" classname="com.endava.calculator.CalculatorTest" time="0.004">
    <system-out><![CDATA[15:51:52.564 [main] INFO  com.endava.calculator.CalculatorTest - Before Each
15:51:52.565 [main] INFO  com.endava.extensions.TestReporterExtension - Starting test CalculatorTest/[2] 2, 4, 5
15:51:52.565 [main] INFO  com.endava.calculator.CalculatorTest - 11
15:51:52.565 [main] INFO  com.endava.extensions.TestReporterExtension - Finishing test CalculatorTest/[2] 2, 4, 5
15:51:52.566 [main] INFO  com.endava.calculator.CalculatorTest - After Each  

]]></system-out>
  </testcase>
  <testcase name="shouldAddMoreOperands(Integer, Integer, Integer)[3]" classname="com.endava.calculator.CalculatorTest" time="0.002">
    <system-out><![CDATA[15:51:52.578 [main] INFO  com.endava.calculator.CalculatorTest - Before Each
15:51:52.579 [main] INFO  com.endava.extensions.TestReporterExtension - Starting test CalculatorTest/[3] 1, 2, 3
15:51:52.579 [main] INFO  com.endava.calculator.CalculatorTest - 6
15:51:52.579 [main] INFO  com.endava.extensions.TestReporterExtension - Finishing test CalculatorTest/[3] 1, 2, 3
15:51:52.579 [main] INFO  com.endava.calculator.CalculatorTest - After Each  

]]></system-out>
  </testcase>
  <testcase name="shouldAddMoreOperands(Integer, Integer, Integer)[4]" classname="com.endava.calculator.CalculatorTest" time="0.002">
    <system-out><![CDATA[15:51:52.618 [main] INFO  com.endava.calculator.CalculatorTest - Before Each
15:51:52.618 [main] INFO  com.endava.extensions.TestReporterExtension - Starting test CalculatorTest/[4] 2, 4, 5
15:51:52.618 [main] INFO  com.endava.calculator.CalculatorTest - 11
15:51:52.619 [main] INFO  com.endava.extensions.TestReporterExtension - Finishing test CalculatorTest/[4] 2, 4, 5
15:51:52.619 [main] INFO  com.endava.calculator.CalculatorTest - After Each  

]]></system-out>
  </testcase>
  <testcase name="shouldAddMoreOperands(Integer, Integer, Integer)[5]" classname="com.endava.calculator.CalculatorTest" time="0.002">
    <system-out><![CDATA[15:51:52.621 [main] INFO  com.endava.calculator.CalculatorTest - Before Each
15:51:52.621 [main] INFO  com.endava.extensions.TestReporterExtension - Starting test CalculatorTest/[5] 6, 7, 8
15:51:52.621 [main] INFO  com.endava.calculator.CalculatorTest - 21
15:51:52.622 [main] INFO  com.endava.extensions.TestReporterExtension - Finishing test CalculatorTest/[5] 6, 7, 8
15:51:52.622 [main] INFO  com.endava.calculator.CalculatorTest - After Each  

]]></system-out>
  </testcase>
  <testcase name="shouldAddNegativeNumbers" classname="com.endava.calculator.CalculatorTest" time="0">
    <system-out><![CDATA[15:51:52.623 [main] INFO  com.endava.calculator.CalculatorTest - Before Each
15:51:52.623 [main] INFO  com.endava.extensions.TestReporterExtension - Starting test CalculatorTest/shouldAddNegativeNumbers()
15:51:52.623 [main] INFO  com.endava.calculator.CalculatorTest - -6
15:51:52.623 [main] INFO  com.endava.extensions.TestReporterExtension - Finishing test CalculatorTest/shouldAddNegativeNumbers()
15:51:52.623 [main] INFO  com.endava.calculator.CalculatorTest - After Each  

]]></system-out>
  </testcase>
  <testcase name="shouldAddOneOperand" classname="com.endava.calculator.CalculatorTest" time="0.001">
    <system-out><![CDATA[15:51:52.624 [main] INFO  com.endava.calculator.CalculatorTest - Before Each
15:51:52.624 [main] INFO  com.endava.extensions.TestReporterExtension - Starting test CalculatorTest/shouldAddOneOperand()
15:51:52.625 [main] INFO  com.endava.calculator.CalculatorTest - 4
15:51:52.625 [main] INFO  com.endava.extensions.TestReporterExtension - Finishing test CalculatorTest/shouldAddOneOperand()
15:51:52.625 [main] INFO  com.endava.calculator.CalculatorTest - After Each  

]]></system-out>
  </testcase>
  <testcase name="shouldAddZeroOperand" classname="com.endava.calculator.CalculatorTest" time="0.002">
    <system-out><![CDATA[15:51:52.626 [main] INFO  com.endava.calculator.CalculatorTest - Before Each
15:51:52.626 [main] INFO  com.endava.extensions.TestReporterExtension - Starting test CalculatorTest/shouldAddZeroOperand()
15:51:52.626 [main] INFO  com.endava.calculator.CalculatorTest - 0
15:51:52.626 [main] INFO  com.endava.extensions.TestReporterExtension - Finishing test CalculatorTest/shouldAddZeroOperand()
15:51:52.626 [main] INFO  com.endava.calculator.CalculatorTest - After Each  

]]></system-out>
  </testcase>
</testsuite>