<?xml version="1.0" encoding="UTF-8"?>
<testsuite xmlns:xsi="http://www.w3.org/2001/XMLSchema-instance" xsi:noNamespaceSchemaLocation="https://maven.apache.org/surefire/maven-failsafe-plugin/xsd/failsafe-test-report-3.0.xsd" version="3.0" name="com.endava.calculator.CalculatorIT" time="0.083" tests="12" errors="0" skipped="0" failures="0">
  <properties>
[...]
</properties>
  <testcase name="shouldMultiplyNoOperands" classname="com.endava.calculator.CalculatorIT" time="0.013">
    <system-out><![CDATA[15:51:27.830 [main] INFO  com.endava.calculator.CalculatorIT - Before All
15:51:27.842 [main] INFO  com.endava.calculator.CalculatorIT - Before Each
15:51:27.844 [main] INFO  com.endava.extensions.TestReporterExtension - Starting test CalculatorIT/shouldMultiplyNoOperands()
15:51:27.845 [main] INFO  com.endava.calculator.CalculatorIT - 1.0
15:51:27.845 [main] INFO  com.endava.extensions.TestReporterExtension - Finishing test CalculatorIT/shouldMultiplyNoOperands()
15:51:27.846 [main] INFO  com.endava.calculator.CalculatorIT - After Each  

]]></system-out>
  </testcase>
  <testcase name="shouldMultiplyWith0(int, int)[1]" classname="com.endava.calculator.CalculatorIT" time="0.012">
    <system-out><![CDATA[15:51:27.864 [main] INFO  com.endava.calculator.CalculatorIT - Before Each
15:51:27.864 [main] INFO  com.endava.extensions.TestReporterExtension - Starting test CalculatorIT/[1] 0, 2
15:51:27.874 [main] INFO  com.endava.calculator.CalculatorIT - 0.0
15:51:27.875 [main] INFO  com.endava.extensions.TestReporterExtension - Finishing test CalculatorIT/[1] 0, 2
15:51:27.875 [main] INFO  com.endava.calculator.CalculatorIT - After Each  

]]></system-out>
  </testcase>
  <testcase name="shouldMultiplyWith0(int, int)[2]" classname="com.endava.calculator.CalculatorIT" time="0.002">
    <system-out><![CDATA[15:51:27.879 [main] INFO  com.endava.calculator.CalculatorIT - Before Each
15:51:27.879 [main] INFO  com.endava.extensions.TestReporterExtension - Starting test CalculatorIT/[2] 2, 0
15:51:27.879 [main] INFO  com.endava.calculator.CalculatorIT - 0.0
15:51:27.880 [main] INFO  com.endava.extensions.TestReporterExtension - Finishing test CalculatorIT/[2] 2, 0
15:51:27.880 [main] INFO  com.endava.calculator.CalculatorIT - After Each  

]]></system-out>
  </testcase>
  <testcase name="shouldFactForNegativeNumber" classname="com.endava.calculator.CalculatorIT" time="0.001">
    <system-out><![CDATA[15:51:27.881 [main] INFO  com.endava.calculator.CalculatorIT - Before Each
15:51:27.882 [main] INFO  com.endava.extensions.TestReporterExtension - Starting test CalculatorIT/shouldFactForNegativeNumber()
15:51:27.882 [main] INFO  com.endava.calculator.CalculatorIT - 1.0
15:51:27.882 [main] INFO  com.endava.extensions.TestReporterExtension - Finishing test CalculatorIT/shouldFactForNegativeNumber()
15:51:27.882 [main] INFO  com.endava.calculator.CalculatorIT - After Each  

]]></system-out>
  </testcase>
  <testcase name="shouldPowWithGivenNumbers" classname="com.endava.calculator.CalculatorIT" time="0.003">
    <system-out><![CDATA[15:51:27.883 [main] INFO  com.endava.calculator.CalculatorIT - Before Each
15:51:27.883 [main] INFO  com.endava.extensions.TestReporterExtension - Starting test CalculatorIT/shouldPowWithGivenNumbers()
15:51:27.885 [main] INFO  com.endava.calculator.CalculatorIT - 256.0
15:51:27.885 [main] INFO  com.endava.extensions.TestReporterExtension - Finishing test CalculatorIT/shouldPowWithGivenNumbers()
15:51:27.885 [main] INFO  com.endava.calculator.CalculatorIT - After Each  

]]></system-out>
  </testcase>
  <testcase name="shouldMultiplyWithNegativeNumbers" classname="com.endava.calculator.CalculatorIT" time="0.001">
    <system-out><![CDATA[15:51:27.886 [main] INFO  com.endava.calculator.CalculatorIT - Before Each
15:51:27.886 [main] INFO  com.endava.extensions.TestReporterExtension - Starting test CalculatorIT/shouldMultiplyWithNegativeNumbers()
15:51:27.886 [main] INFO  com.endava.calculator.CalculatorIT - 69.0
15:51:27.886 [main] INFO  com.endava.extensions.TestReporterExtension - Finishing test CalculatorIT/shouldMultiplyWithNegativeNumbers()
15:51:27.887 [main] INFO  com.endava.calculator.CalculatorIT - After Each  

]]></system-out>
  </testcase>
  <testcase name="shouldPowWith0(int, int)[1]" classname="com.endava.calculator.CalculatorIT" time="0.001">
    <system-out><![CDATA[15:51:27.888 [main] INFO  com.endava.calculator.CalculatorIT - Before Each
15:51:27.889 [main] INFO  com.endava.extensions.TestReporterExtension - Starting test CalculatorIT/[1] 0, 2
15:51:27.889 [main] INFO  com.endava.calculator.CalculatorIT - 0.0
15:51:27.889 [main] INFO  com.endava.extensions.TestReporterExtension - Finishing test CalculatorIT/[1] 0, 2
15:51:27.889 [main] INFO  com.endava.calculator.CalculatorIT - After Each  

]]></system-out>
  </testcase>
  <testcase name="shouldPowWith0(int, int)[2]" classname="com.endava.calculator.CalculatorIT" time="0.002">
    <system-out><![CDATA[15:51:27.890 [main] INFO  com.endava.calculator.CalculatorIT - Before Each
15:51:27.891 [main] INFO  com.endava.extensions.TestReporterExtension - Starting test CalculatorIT/[2] 2, 0
15:51:27.891 [main] INFO  com.endava.calculator.CalculatorIT - 1.0
15:51:27.891 [main] INFO  com.endava.extensions.TestReporterExtension - Finishing test CalculatorIT/[2] 2, 0
15:51:27.891 [main] INFO  com.endava.calculator.CalculatorIT - After Each  

]]></system-out>
  </testcase>
  <testcase name="shouldFactForGivenOperand" classname="com.endava.calculator.CalculatorIT" time="0.001">
    <system-out><![CDATA[15:51:27.892 [main] INFO  com.endava.calculator.CalculatorIT - Before Each
15:51:27.892 [main] INFO  com.endava.extensions.TestReporterExtension - Starting test CalculatorIT/shouldFactForGivenOperand()
15:51:27.893 [main] INFO  com.endava.calculator.CalculatorIT - 40320
15:51:27.893 [main] INFO  com.endava.extensions.TestReporterExtension - Finishing test CalculatorIT/shouldFactForGivenOperand()
15:51:27.893 [main] INFO  com.endava.calculator.CalculatorIT - After Each  

]]></system-out>
  </testcase>
  <testcase name="shouldPowWithNegativeNumbers" classname="com.endava.calculator.CalculatorIT" time="0.001">
    <system-out><![CDATA[15:51:27.894 [main] INFO  com.endava.calculator.CalculatorIT - Before Each
15:51:27.894 [main] INFO  com.endava.extensions.TestReporterExtension - Starting test CalculatorIT/shouldPowWithNegativeNumbers()
15:51:27.894 [main] INFO  com.endava.calculator.CalculatorIT - -0.0
15:51:27.894 [main] INFO  com.endava.extensions.TestReporterExtension - Finishing test CalculatorIT/shouldPowWithNegativeNumbers()
15:51:27.895 [main] INFO  com.endava.calculator.CalculatorIT - After Each  

]]></system-out>
  </testcase>
  <testcase name="shouldMultiplyOneOperand" classname="com.endava.calculator.CalculatorIT" time="0.001">
    <system-out><![CDATA[15:51:27.895 [main] INFO  com.endava.calculator.CalculatorIT - Before Each
15:51:27.895 [main] INFO  com.endava.extensions.TestReporterExtension - Starting test CalculatorIT/shouldMultiplyOneOperand()
15:51:27.896 [main] INFO  com.endava.calculator.CalculatorIT - 3.0
15:51:27.896 [main] INFO  com.endava.extensions.TestReporterExtension - Finishing test CalculatorIT/shouldMultiplyOneOperand()
15:51:27.896 [main] INFO  com.endava.calculator.CalculatorIT - After Each  

]]></system-out>
  </testcase>
  <testcase name="shouldFactForOperand0" classname="com.endava.calculator.CalculatorIT" time="0.001">
    <system-out><![CDATA[15:51:27.897 [main] INFO  com.endava.calculator.CalculatorIT - Before Each
15:51:27.897 [main] INFO  com.endava.extensions.TestReporterExtension - Starting test CalculatorIT/shouldFactForOperand0()
15:51:27.897 [main] INFO  com.endava.calculator.CalculatorIT - 1
15:51:27.897 [main] INFO  com.endava.extensions.TestReporterExtension - Finishing test CalculatorIT/shouldFactForOperand0()
15:51:27.897 [main] INFO  com.endava.calculator.CalculatorIT - After Each  

]]></system-out>
  </testcase>
</testsuite>